<?xml version="1.0" encoding="UTF-8"?>
<testsuite name="pl.edu.agh.kis.java2015.domain.HeapTest" tests="11" skipped="0" failures="0" errors="0" timestamp="2018-11-06T11:24:58" hostname="igor-PC" time="0.004">
  <properties/>
  <testcase name="insert0And2And3And5And6intoNewHeap_topIs6" classname="pl.edu.agh.kis.java2015.domain.HeapTest" time="0.001"/>
  <testcase name="MakeSomeHeapsThenMeld" classname="pl.edu.agh.kis.java2015.domain.HeapTest" time="0.0"/>
  <testcase name="insert0AndThen2intoNewHeap_topIs2" classname="pl.edu.agh.kis.java2015.domain.HeapTest" time="0.0"/>
  <testcase name="testSwap" classname="pl.edu.agh.kis.java2015.domain.HeapTest" time="0.0"/>
  <testcase name="HeapifySomeCollectionThenChcekHeapProperty" classname="pl.edu.agh.kis.java2015.domain.HeapTest" time="0.001"/>
  <testcase name="ReverseComparator" classname="pl.edu.agh.kis.java2015.domain.HeapTest" time="0.0"/>
  <testcase name="MakeSomeHeapsThenMerge" classname="pl.edu.agh.kis.java2015.domain.HeapTest" time="0.0"/>
  <testcase name="insert0intoNewHeap_topIs0" classname="pl.edu.agh.kis.java2015.domain.HeapTest" time="0.0"/>
  <testcase name="makeSomeHeapCheckMaxThenReplaceCheckMaxAgain" classname="pl.edu.agh.kis.java2015.domain.HeapTest" time="0.0"/>
  <testcase name="insert1and3DelteTopTwice" classname="pl.edu.agh.kis.java2015.domain.HeapTest" time="0.0"/>
  <testcase name="insert0and2ExtractTopTwice" classname="pl.edu.agh.kis.java2015.domain.HeapTest" time="0.0"/>
  <system-out><![CDATA[]]></system-out>
  <system-err><![CDATA[]]></system-err>
</testsuite>
